<?xml version="1.0" encoding="UTF-8"?>
<testng-results ignored="1" total="2" passed="1" failed="0" skipped="0">
  <reporter-output>
  </reporter-output>
  <suite started-at="2021-12-29T23:04:11 IST" name="Suite" finished-at="2021-12-29T23:04:53 IST" duration-ms="42192">
    <groups>
      <group name="Smoke">
        <method signature="SeleniumTest.BrowserAutomation()[pri:0, instance:qaclickacademy.SeleniumTest@4bb33f74]" name="BrowserAutomation" class="qaclickacademy.SeleniumTest"/>
      </group> <!-- Smoke -->
    </groups>
    <test started-at="2021-12-29T23:04:11 IST" name="Test" finished-at="2021-12-29T23:04:53 IST" duration-ms="42192">
      <class name="qaclickacademy.SeleniumTest">
        <test-method signature="BrowserAutomation()[pri:0, instance:qaclickacademy.SeleniumTest@4bb33f74]" started-at="2021-12-29T23:04:11 IST" name="BrowserAutomation" finished-at="2021-12-29T23:04:53 IST" duration-ms="42142" status="PASS">
          <reporter-output>
          </reporter-output>
        </test-method> <!-- BrowserAutomation -->
      </class> <!-- qaclickacademy.SeleniumTest -->
    </test> <!-- Test -->
  </suite> <!-- Suite -->
</testng-results>
