<?xml version="1.0" encoding="UTF-8"?>
<testng-results ignored="0" total="2" passed="2" failed="0" skipped="0">
  <reporter-output>
  </reporter-output>
  <suite started-at="2022-01-04T20:12:46 IST" name="Default suite" finished-at="2022-01-04T20:13:30 IST" duration-ms="43841">
    <groups>
      <group name="Smoke">
        <method signature="SeleniumTest.BrowserAutomation()[pri:0, instance:qaclickacademy.SeleniumTest@49049a04]" name="BrowserAutomation" class="qaclickacademy.SeleniumTest"/>
      </group> <!-- Smoke -->
    </groups>
    <test started-at="2022-01-04T20:12:46 IST" name="Default test" finished-at="2022-01-04T20:13:30 IST" duration-ms="43841">
      <class name="qaclickacademy.SeleniumTest">
        <test-method signature="BrowserAutomation()[pri:0, instance:qaclickacademy.SeleniumTest@49049a04]" started-at="2022-01-04T20:12:46 IST" name="BrowserAutomation" finished-at="2022-01-04T20:13:30 IST" duration-ms="43801" status="PASS">
          <reporter-output>
          </reporter-output>
        </test-method> <!-- BrowserAutomation -->
        <test-method signature="elementsUI()[pri:0, instance:qaclickacademy.SeleniumTest@49049a04]" started-at="2022-01-04T20:13:30 IST" name="elementsUI" finished-at="2022-01-04T20:13:30 IST" duration-ms="1" status="PASS">
          <reporter-output>
          </reporter-output>
        </test-method> <!-- elementsUI -->
      </class> <!-- qaclickacademy.SeleniumTest -->
    </test> <!-- Default test -->
  </suite> <!-- Default suite -->
</testng-results>
